<?xml version="1.0" encoding="UTF-8"?>
<!-- Generated by org.testng.reporters.JUnitReportReporter -->
<testsuite hostname="LAPTOP-8GM7S38Q" failures="0" tests="1" name="redBus.Tests.trainTicketBooking" time="0.012" errors="0" timestamp="2025-08-05T08:38:41 IST" skipped="0">
  <testcase classname="redBus.Tests.trainTicketBooking" name="trainTicketBookingTC" time="0.012"/>
</testsuite> <!-- redBus.Tests.trainTicketBooking -->
